Arguments: 
  /usr/local/bin/node /usr/local/Cellar/yarn/1.17.3/libexec/bin/yarn.js install

PATH: 
  /Users/andrewmarkham/.rbenv/shims:/usr/local/bin:/usr/bin:/bin:/usr/sbin:/sbin

Yarn version: 
  1.17.3

Node version: 
  10.16.3

Platform: 
  darwin x64

Trace: 
  SyntaxError: /Users/andrewmarkham/web/bootcamp/playgrounds/playground-2/package.json: Unexpected token } in JSON at position 458
      at JSON.parse (<anonymous>)
      at /usr/local/Cellar/yarn/1.17.3/libexec/lib/cli.js:1625:59
      at Generator.next (<anonymous>)
      at step (/usr/local/Cellar/yarn/1.17.3/libexec/lib/cli.js:304:30)
      at /usr/local/Cellar/yarn/1.17.3/libexec/lib/cli.js:315:13

npm manifest: 
  {
    "name": "project-name",
    "version": "1.0.0",
    "description": "",
    "main": "index.js",
    "scripts": {
      "test": "echo \"Error: no test specified\" && exit 1"
    },
    "author": "",
    "license": "ISC",
    "devDependencies": {
      "browser-sync": "^2.26.7",
      "del": "^3.0.0",
      "gulp": "^4.0.0",
      "gulp-autoprefixer": "^6.0.0",
      "gulp-csso": "^3.0.1",
      "gulp-htmlmin": "^5.0.1",
      "gulp-sass": "^4.0.2",
      "gulp-sourcemaps": "^2.6.4",
    }
  }

yarn manifest: 
  No manifest

Lockfile: 
  No lockfile
